<?xml version="1.0" encoding="UTF-8"?>
<!-- Generated by org.testng.reporters.JUnitReportReporter -->
<testsuite hostname="LAPTOP-EEAS1CV9" failures="0" tests="1" name="com.DemoBlaze.com.TestScript.TestScript1" time="27.986" errors="0" timestamp="26 Feb 2024 15:53:27 GMT" skipped="0">
  <testcase classname="com.DemoBlaze.com.TestScript.TestScript1" name="addingProductsIntoCart" time="27.986"/>
</testsuite> <!-- com.DemoBlaze.com.TestScript.TestScript1 -->
